<?xml version="1.0" encoding="UTF-8"?>
<!-- Generated by org.testng.reporters.JUnitXMLReporter -->
<testsuite ignored="0" hostname="DESKTOP-6UUPM1I" failures="3" tests="3" name="ChromeTest(failed)" time="0.079" errors="0" timestamp="2024-10-28T15:44:08 IST">
  <testcase classname="com.DomsEpson.ProductTest.ElectronicProductTest" name="removeProduct" time="0.013">
    <failure type="java.lang.Error" message="Unresolved compilation problems: 
	Syntax error, insert &amp;quot;VariableDeclarators&amp;quot; to complete LocalVariableDeclaration
	Syntax error, insert &amp;quot;;&amp;quot; to complete LocalVariableDeclarationStatement
	j cannot be resolved
">
      <![CDATA[java.lang.Error: Unresolved compilation problems: 
Syntax error, insert "VariableDeclarators" to complete LocalVariableDeclaration
Syntax error, insert ";" to complete LocalVariableDeclarationStatement
j cannot be resolved

at com.DomsEpson.ProductTest.ElectronicProductTest.removeProduct(ElectronicProductTest.java:23)
at java.base/java.util.ArrayList.forEach(ArrayList.java:1597)
... Removed 25 stack frames]]>
    </failure>
  </testcase> <!-- removeProduct -->
  <testcase classname="com.DomsEpson.ProductTest.ElectronicProductTest" name="addProduct" time="0.001">
    <failure type="java.lang.Error" message="Unresolved compilation problem: 
	Syntax error on token &amp;quot;/&amp;quot;, delete this token
">
      <![CDATA[java.lang.Error: Unresolved compilation problem: 
Syntax error on token "/", delete this token

at com.DomsEpson.ProductTest.ElectronicProductTest.addProduct(ElectronicProductTest.java:11)
at java.base/java.util.ArrayList.forEach(ArrayList.java:1597)
... Removed 25 stack frames]]>
    </failure>
  </testcase> <!-- addProduct -->
  <testcase classname="com.DomsEpson.ProductTest.ElectronicProductTest" name="updateProduct" time="0.004">
    <failure type="java.lang.Error" message="Unresolved compilation problems: 
	Syntax error, insert &amp;quot;VariableDeclarators&amp;quot; to complete LocalVariableDeclaration
	Syntax error, insert &amp;quot;;&amp;quot; to complete LocalVariableDeclarationStatement
	k cannot be resolved
">
      <![CDATA[java.lang.Error: Unresolved compilation problems: 
Syntax error, insert "VariableDeclarators" to complete LocalVariableDeclaration
Syntax error, insert ";" to complete LocalVariableDeclarationStatement
k cannot be resolved

at com.DomsEpson.ProductTest.ElectronicProductTest.updateProduct(ElectronicProductTest.java:17)
at java.base/java.util.ArrayList.forEach(ArrayList.java:1597)
... Removed 25 stack frames]]>
    </failure>
  </testcase> <!-- updateProduct -->
</testsuite> <!-- ChromeTest(failed) -->
